2023-03-20 15:07:50,735 - logger_api - ERROR - wordstat report: KeyError - (api.py:1290)
2023-03-20 17:12:15,839 - logger_api - ERROR - non-existent account - (get_token_from_db.py:29)
2023-03-20 17:12:15,957 - logger_api - ERROR - wordstat report: KeyError - (api.py:1290)
2023-03-20 17:14:22,784 - logger_api - INFO - get wordstat report: 200 - (api.py:1282)
2023-03-20 17:15:22,598 - logger_api - ERROR - non-existent account - (get_token_from_db.py:29)
2023-03-20 17:18:40,262 - logger_api - ERROR - non-existent account - (get_token_from_db.py:29)
2023-03-20 17:19:34,754 - logger_api - INFO - get wordstat report: 200 - (api.py:1285)
2023-03-20 17:33:16,330 - logger_api - INFO - get campaigns: OK - (api.py:2769)
2023-03-20 17:52:00,709 - logger_api - ERROR - non-existent account - (get_token_from_db.py:49)
2023-03-20 23:33:34,615 - logger_api - ERROR - non-existent account - (get_token_from_db.py:49)
2023-03-20 23:35:09,197 - logger_api - ERROR - wordstat report: (psycopg2.OperationalError) server closed the connection unexpectedly
	This probably means the server terminated abnormally
	before or while processing the request.
server closed the connection unexpectedly
	This probably means the server terminated abnormally
	before or while processing the request.

(Background on this error at: https://sqlalche.me/e/14/e3q8) - (api.py:1297)
2023-03-20 23:40:53,862 - logger_api - ERROR - non-existent account - (get_token_from_db.py:49)
2023-03-21 00:26:13,672 - logger_api - ERROR - wordstat report async: (psycopg2.OperationalError) server closed the connection unexpectedly
	This probably means the server terminated abnormally
	before or while processing the request.
server closed the connection unexpectedly
	This probably means the server terminated abnormally
	before or while processing the request.

(Background on this error at: https://sqlalche.me/e/14/e3q8) - (api.py:1361)
2023-03-21 00:26:29,540 - logger_api - ERROR - wordstat report async: (psycopg2.OperationalError) server closed the connection unexpectedly
	This probably means the server terminated abnormally
	before or while processing the request.
server closed the connection unexpectedly
	This probably means the server terminated abnormally
	before or while processing the request.

(Background on this error at: https://sqlalche.me/e/14/e3q8) - (api.py:1361)
2023-03-21 00:27:20,872 - logger_api - ERROR - wordstat report async: (psycopg2.OperationalError) server closed the connection unexpectedly
	This probably means the server terminated abnormally
	before or while processing the request.
server closed the connection unexpectedly
	This probably means the server terminated abnormally
	before or while processing the request.

(Background on this error at: https://sqlalche.me/e/14/e3q8) - (api.py:1361)
2023-03-21 00:28:36,616 - logger_api - ERROR - wordstat report async: (psycopg2.OperationalError) server closed the connection unexpectedly
	This probably means the server terminated abnormally
	before or while processing the request.
server closed the connection unexpectedly
	This probably means the server terminated abnormally
	before or while processing the request.

(Background on this error at: https://sqlalche.me/e/14/e3q8) - (api.py:1361)
2023-03-21 00:35:57,476 - logger_api - ERROR - wordstat report async: (psycopg2.OperationalError) server closed the connection unexpectedly
	This probably means the server terminated abnormally
	before or while processing the request.
server closed the connection unexpectedly
	This probably means the server terminated abnormally
	before or while processing the request.

(Background on this error at: https://sqlalche.me/e/14/e3q8) - (api.py:1361)
2023-03-21 00:37:29,942 - logger_api - ERROR - wordstat report async: (psycopg2.OperationalError) server closed the connection unexpectedly
	This probably means the server terminated abnormally
	before or while processing the request.
server closed the connection unexpectedly
	This probably means the server terminated abnormally
	before or while processing the request.

(Background on this error at: https://sqlalche.me/e/14/e3q8) - (api.py:1361)
2023-03-21 00:37:50,266 - logger_api - ERROR - wordstat report async: (psycopg2.OperationalError) server closed the connection unexpectedly
	This probably means the server terminated abnormally
	before or while processing the request.
server closed the connection unexpectedly
	This probably means the server terminated abnormally
	before or while processing the request.

(Background on this error at: https://sqlalche.me/e/14/e3q8) - (api.py:1361)
2023-03-21 14:38:05,106 - logger_api - INFO - get_campaigns_db: OK - (api.py:1500)
2023-03-21 14:40:09,956 - logger_api - INFO - no data - (db_work.py:23)
2023-03-21 14:40:09,977 - logger_api - INFO - get_campaigns_db: OK - (api.py:1533)
2023-03-21 14:42:34,150 - logger_api - INFO - no data - (db_work.py:23)
2023-03-21 14:42:34,161 - logger_api - INFO - get_campaigns_db: OK - (api.py:1533)
2023-03-21 15:02:27,673 - logger_api - ERROR - db error - (db_work.py:35)
2023-03-21 15:02:27,673 - logger_api - ERROR - get_groups_db: Can't reconnect until invalid transaction is rolled back. (Background on this error at: https://sqlalche.me/e/14/8s2b) - (api.py:1545)
2023-03-21 15:15:54,914 - logger_api - INFO - get_campaigns_db: OK - (api.py:1533)
2023-03-21 15:16:13,885 - logger_api - INFO - get_campaigns_db: OK - (api.py:1533)
2023-03-21 15:16:15,094 - logger_api - INFO - get_campaigns_db: OK - (api.py:1533)
2023-03-21 15:16:20,245 - logger_api - INFO - get_campaigns_db: OK - (api.py:1500)
2023-03-21 15:16:59,150 - logger_api - INFO - get_ad_dynamic_text_ad_params: OK - (api.py:2668)
2023-03-21 15:17:04,126 - logger_api - INFO - get_ad_text_ad_params: OK - (api.py:2640)
2023-03-21 15:17:10,833 - logger_api - INFO - get_ad_types: OK - (api.py:2612)
2023-03-21 15:17:18,816 - logger_api - INFO - get_campaign_common_params: OK - (api.py:2281)
2023-03-21 15:18:06,094 - logger_api - INFO - get_campaign_dynamic_text_params: OK - (api.py:2337)
2023-03-21 15:18:13,297 - logger_api - INFO - get_campaign_network_strategy_types: OK - (api.py:2436)
2023-03-21 15:18:19,847 - logger_api - INFO - get_campaign_search_strategy_types: OK - (api.py:2403)
2023-03-21 15:18:27,686 - logger_api - INFO - get_campaign_strategy_params: OK - (api.py:2371)
2023-03-21 15:18:44,452 - logger_api - INFO - get_campaign_text_params: OK - (api.py:2309)
2023-03-21 15:18:54,247 - logger_api - INFO - get_campaign_types: OK - (api.py:2253)
2023-03-21 15:19:37,190 - logger_api - INFO - get_adgroup_common_params: OK - (api.py:2496)
2023-03-21 15:19:59,330 - logger_api - INFO - get_adgroup_dynamic_text_feed_params: OK - (api.py:2580)
2023-03-21 15:20:07,267 - logger_api - INFO - get_adgroup_dynamic_text_params: OK - (api.py:2552)
2023-03-21 15:20:13,932 - logger_api - INFO - get_adgroup_text_feed_params: OK - (api.py:2524)
2023-03-21 15:20:23,340 - logger_api - INFO - get_adgroup_types: OK - (api.py:2468)
2023-03-21 15:26:30,162 - logger_api - INFO - get business profiles: 200 - (api.py:2078)
2023-03-21 15:31:34,296 - logger_api - INFO - get regions: 200 - (api.py:1925)
2023-03-21 15:31:47,935 - logger_api - INFO - get_regions_db: OK - (api.py:1960)
2023-03-21 16:05:53,108 - logger_api - INFO - no data - (db_work.py:23)
2023-03-21 16:05:53,123 - logger_api - INFO - get_clients: OK - (api.py:1467)
2023-03-21 16:06:57,856 - logger_api - INFO - get_clients: OK - (api.py:1467)
2023-03-21 16:32:49,990 - logger_api - INFO - no data - (get_token_from_db.py:73)
2023-03-21 17:29:18,590 - logger_api - INFO - get forecast: 200 - (api.py:1490)
2023-03-22 11:49:38,300 - logger_api - INFO - no data - (get_token_from_db.py:73)
2023-03-22 11:49:46,575 - logger_api - ERROR - add text campaign: yandex direct error - (api.py:409)
2023-03-22 11:53:33,433 - logger_api - INFO - add text campaign: 200 - (api.py:412)
2023-03-22 11:53:33,874 - logger_api - INFO - Upload to ya_ads_addcampaigns - ok - (db_work.py:91)
2023-03-22 22:29:31,508 - logger_api - INFO - add text campaign: 200 - (api.py:448)
2023-03-22 22:38:40,512 - logger_api - INFO - add text campaign: 200 - (api.py:448)
2023-03-22 23:02:39,418 - logger_api - ERROR - db error - (get_token_from_db.py:80)
2023-03-22 23:02:39,419 - logger_api - ERROR - add text campaign: Can't reconnect until invalid transaction is rolled back. (Background on this error at: https://sqlalche.me/e/14/8s2b) - (api.py:433)
2023-03-22 23:03:12,136 - logger_api - INFO - add text campaign: 200 - (api.py:412)
2023-03-22 23:03:12,331 - logger_api - INFO - Upload to ya_ads_addcampaigns - ok - (db_work.py:91)
2023-03-22 23:04:44,012 - logger_api - INFO - add text campaign: 200 - (api.py:412)
2023-03-22 23:04:44,105 - logger_api - INFO - Upload to ya_ads_addcampaigns - ok - (db_work.py:91)
2023-03-22 23:04:46,529 - logger_api - INFO - add text campaign: 200 - (api.py:412)
2023-03-22 23:04:46,580 - logger_api - INFO - Upload to ya_ads_addcampaigns - ok - (db_work.py:91)
2023-03-22 23:08:02,994 - logger_api - INFO - add text campaign: 200 - (api.py:412)
2023-03-22 23:08:03,069 - logger_api - INFO - Upload to ya_ads_addcampaigns - ok - (db_work.py:91)
2023-03-22 23:08:57,690 - logger_api - ERROR - add text campaign async result: name 'task_add_text_campaign_async' is not defined - (api.py:646)
2023-03-22 23:13:12,302 - logger_api - INFO - add text campaign: 200 - (api.py:412)
2023-03-22 23:13:12,354 - logger_api - INFO - Upload to ya_ads_addcampaigns - ok - (db_work.py:91)
2023-03-22 23:47:14,303 - logger_api - ERROR - add text campaign async result: 'dict' object has no attribute 'status_code' - (api.py:648)
2023-03-23 00:58:39,317 - logger_api - INFO - Upload to ya_ads_addcampaigns - ok - (db_work.py:54)
2023-03-23 01:05:03,085 - logger_api - INFO - Upload to ya_ads_addcampaigns - ok - (db_work.py:54)
2023-03-23 02:24:38,671 - logger_api - INFO - Upload to ya_ads_addcampaigns - ok - (db_work.py:54)
2023-03-23 02:25:20,583 - logger_api - INFO - error - (db_work.py:73)
2023-03-23 02:25:20,610 - logger_api - ERROR - add text campaign async result: (psycopg2.errors.SyntaxError) syntax error at or near "["
LINE 1: UPDATE ya_ads_addcampaigns SET res_errors = ['{"Code": 5005,...
                                                    ^

[SQL: UPDATE ya_ads_addcampaigns SET res_errors = ['{"Code": 5005, "Message": "Field set incorrectly", "Details": "Временной таргетинг содержит не целочисленные коэффициенты ставок"}', '{"Code": 5004, "Message": "Invalid format", "Details": "Value in StartDate field is entered in incorrect format"}', '{"Code": 5004, "Message": "Invalid format", "Details": "Value in EndDate field is entered in incorrect format"}'] WHERE task_id = 'c5efce72-8420-497e-aa68-acc6e6f7fd53']
(Background on this error at: https://sqlalche.me/e/14/f405) - (api.py:654)
2023-03-23 02:30:47,867 - logger_api - INFO - Upload to ya_ads_addcampaigns - ok - (db_work.py:54)
2023-03-23 02:31:58,491 - logger_api - ERROR - db error - (get_token_from_db.py:80)
2023-03-23 02:31:58,491 - logger_api - ERROR - add text campaign async: Can't reconnect until invalid transaction is rolled back. (Background on this error at: https://sqlalche.me/e/14/8s2b) - (api.py:613)
2023-03-23 02:33:10,993 - logger_api - INFO - Upload to ya_ads_addcampaigns - ok - (db_work.py:54)
2023-03-23 02:33:50,315 - logger_api - INFO - error - (db_work.py:73)
2023-03-23 02:33:50,330 - logger_api - ERROR - add text campaign async result: (psycopg2.errors.SyntaxError) syntax error at or near "{"
LINE 1: UPDATE ya_ads_addcampaigns SET res_errors = {'{"Code": 5004,...
                                                    ^

[SQL: UPDATE ya_ads_addcampaigns SET res_errors = {'{"Code": 5004, "Message": "Invalid format", "Details": "Value in StartDate field is entered in incorrect format"}', '{"Code": 5005, "Message": "Field set incorrectly", "Details": "Временной таргетинг содержит не целочисленные коэффициенты ставок"}', '{"Code": 5004, "Message": "Invalid format", "Details": "Value in EndDate field is entered in incorrect format"}'} WHERE task_id = '35f9d8f8-c435-4730-880f-ba35052ad7b5']
(Background on this error at: https://sqlalche.me/e/14/f405) - (api.py:654)
2023-03-23 02:38:25,990 - logger_api - INFO - Upload to ya_ads_addcampaigns - ok - (db_work.py:54)
2023-03-23 02:38:34,005 - logger_api - INFO - error - (db_work.py:73)
2023-03-23 02:38:34,016 - logger_api - ERROR - add text campaign async result: (psycopg2.errors.SyntaxError) syntax error at or near "["
LINE 1: UPDATE ya_ads_addcampaigns SET res_errors = ['{"Code": 5005,...
                                                    ^

[SQL: UPDATE ya_ads_addcampaigns SET res_errors = ['{"Code": 5005, "Message": "Field set incorrectly", "Details": "Временной таргетинг содержит не целочисленные коэффициенты ставок"}', '{"Code": 5004, "Message": "Invalid format", "Details": "Value in StartDate field is entered in incorrect format"}', '{"Code": 5004, "Message": "Invalid format", "Details": "Value in EndDate field is entered in incorrect format"}'] WHERE task_id = '7886189a-3f63-4284-9bfd-9f2f2a3b6e55']
(Background on this error at: https://sqlalche.me/e/14/f405) - (api.py:654)
2023-03-23 02:42:29,370 - logger_api - INFO - Upload to ya_ads_addcampaigns - ok - (db_work.py:54)
2023-03-23 02:42:39,936 - logger_api - ERROR - add text campaign async result: unhashable type: 'dict' - (api.py:654)
2023-03-23 02:44:42,329 - logger_api - INFO - Upload to ya_ads_addcampaigns - ok - (db_work.py:54)
2023-03-23 02:44:51,824 - logger_api - ERROR - add text campaign async result: unhashable type: 'dict' - (api.py:654)
2023-03-23 22:23:20,328 - logger_api - INFO - Upload to ya_ads_addcampaigns - ok - (db_work.py:54)
2023-03-24 00:29:15,788 - logger_api - INFO - Upload to ya_ads_addcampaigns - ok - (db_work.py:54)
2023-03-24 00:29:37,368 - logger_api - INFO - successful - (db_work.py:71)
2023-03-24 00:31:40,971 - logger_api - INFO - Upload to ya_ads_addcampaigns - ok - (db_work.py:54)
2023-03-24 00:31:58,321 - logger_api - INFO - successful - (db_work.py:72)
2023-03-24 01:11:26,427 - logger_api - INFO - get campaigns: OK - (api.py:152)
2023-03-24 01:11:36,451 - logger_api - INFO - Upload to ya_ads_addcampaigns - ok - (db_work.py:54)
2023-03-24 01:11:44,982 - logger_api - INFO - successful - (db_work.py:72)
2023-03-24 01:11:46,662 - logger_api - INFO - successful - (db_work.py:72)
2023-03-24 02:27:08,587 - logger_api - ERROR - add text campaign async: task_add_campaign_async() takes 4 positional arguments but 5 were given - (api.py:609)
2023-03-24 14:52:50,181 - logger_api - INFO - get_campaign_network_strategy_types: OK - (api.py:2940)
2023-03-24 14:54:37,761 - logger_api - INFO - get_campaign_strategy_params: OK - (api.py:2875)
2023-03-24 14:57:56,670 - logger_api - INFO - get_campaign_strategy_params: OK - (api.py:2875)
2023-03-24 14:58:49,205 - logger_api - ERROR - add text campaign async: 400 Bad Request: The browser (or proxy) sent a request that this server could not understand. - (api.py:612)
2023-03-24 15:24:34,412 - logger_api - INFO - get_campaign_search_strategy_types: OK - (api.py:2913)
2023-03-24 15:25:11,703 - logger_api - INFO - no data - (db_work.py:23)
2023-03-24 15:25:11,703 - logger_api - INFO - get_campaign_strategy_params: OK - (api.py:2881)
2023-03-24 15:25:39,426 - logger_api - INFO - get_campaign_network_strategy_types: OK - (api.py:2946)
2023-03-24 16:48:43,281 - logger_api - ERROR - add group async result: 'NoneType' object does not support item assignment - (api.py:990)
2023-03-24 18:27:08,292 - logger_api - ERROR - add ad async result: 'NoneType' object does not support item assignment - (api.py:1313)
2023-03-24 18:27:11,071 - logger_api - ERROR - add ad async result: 'NoneType' object does not support item assignment - (api.py:1313)
2023-03-24 18:29:16,270 - logger_api - INFO - add text ad: 200 - (api.py:1059)
2023-03-24 18:29:16,475 - logger_api - INFO - Upload to ya_ads_addads - ok - (db_work.py:56)
2023-03-24 18:31:45,664 - logger_api - ERROR - add ad async result: 'NoneType' object does not support item assignment - (api.py:1313)
2023-03-24 18:37:39,035 - logger_api - INFO - add text ad: 200 - (api.py:1059)
2023-03-24 18:37:39,100 - logger_api - INFO - Upload to ya_ads_addads - ok - (db_work.py:56)
2023-03-24 18:39:30,571 - logger_api - ERROR - add ad async result: 'NoneType' object does not support item assignment - (api.py:1313)
2023-03-24 18:51:53,971 - logger_api - INFO - add text ad: 200 - (api.py:1068)
2023-03-24 18:51:54,017 - logger_api - INFO - Upload to ya_ads_addads - ok - (db_work.py:56)
2023-03-24 22:07:02,324 - logger_api - ERROR - db error - (get_token_from_db.py:80)
2023-03-24 22:07:02,334 - logger_api - ERROR - add text ad async: Can't reconnect until invalid transaction is rolled back. (Background on this error at: https://sqlalche.me/e/14/8s2b) - (api.py:1255)
2023-03-24 22:09:27,002 - logger_api - ERROR - db error - (get_token_from_db.py:80)
2023-03-24 22:09:27,002 - logger_api - ERROR - add text ad async: Can't reconnect until invalid transaction is rolled back. (Background on this error at: https://sqlalche.me/e/14/8s2b) - (api.py:1292)
2023-03-24 22:51:59,369 - logger_api - ERROR - db error - (get_token_from_db.py:80)
2023-03-24 22:51:59,369 - logger_api - ERROR - get campaigns: Can't reconnect until invalid transaction is rolled back. (Background on this error at: https://sqlalche.me/e/14/8s2b) - (api.py:164)
2023-03-24 22:52:03,801 - logger_api - INFO - get campaigns: OK - (api.py:151)
2023-03-24 22:55:04,198 - logger_api - ERROR - db error - (get_token_from_db.py:80)
2023-03-24 22:55:04,198 - logger_api - ERROR - get feeds: Can't reconnect until invalid transaction is rolled back. (Background on this error at: https://sqlalche.me/e/14/8s2b) - (api.py:2428)
2023-03-24 22:55:07,323 - logger_api - INFO - get feeds: 200 - (api.py:2416)
2023-03-24 22:55:16,480 - logger_api - INFO - get feeds: 200 - (api.py:2416)
2023-03-24 23:20:21,723 - logger_api - ERROR - db error - (get_token_from_db.py:80)
2023-03-24 23:20:21,723 - logger_api - ERROR - add dynamic text ad: Can't reconnect until invalid transaction is rolled back. (Background on this error at: https://sqlalche.me/e/14/8s2b) - (api.py:1154)
2023-03-24 23:20:24,543 - logger_api - INFO - no data - (get_token_from_db.py:73)
2023-03-24 23:20:24,653 - logger_api - INFO - add dynamic text ad: 200 - (api.py:1130)
2023-03-24 23:20:24,716 - logger_api - INFO - Upload to ya_ads_addads - ok - (db_work.py:56)
2023-03-29 17:19:59,125 - logger_api - INFO - get_campaign_common_params: OK - (api.py:2951)
2023-03-29 17:20:17,702 - logger_api - INFO - get_campaign_dynamic_text_params: OK - (api.py:3007)
2023-03-29 17:21:10,628 - logger_api - INFO - get_campaign_network_strategy_types: OK - (api.py:3106)
2023-03-29 17:21:23,925 - logger_api - INFO - get_campaign_search_strategy_types: OK - (api.py:3073)
2023-03-29 17:21:34,228 - logger_api - INFO - get_campaign_strategy_params: OK - (api.py:3041)
2023-03-29 17:21:51,515 - logger_api - INFO - get_campaign_text_params: OK - (api.py:2979)
2023-03-29 17:22:35,634 - logger_api - INFO - get_campaign_types: OK - (api.py:2923)
2023-03-29 17:23:00,958 - logger_api - INFO - get_adgroup_common_params: OK - (api.py:3166)
2023-03-29 17:23:10,017 - logger_api - INFO - get_adgroup_dynamic_text_feed_params: OK - (api.py:3250)
2023-03-29 17:23:19,286 - logger_api - INFO - get_adgroup_dynamic_text_params: OK - (api.py:3222)
2023-03-29 17:23:43,198 - logger_api - INFO - get_adgroup_text_feed_params: OK - (api.py:3194)
2023-03-29 17:24:03,619 - logger_api - INFO - get_adgroup_types: OK - (api.py:3138)
2023-03-29 17:24:28,508 - logger_api - INFO - get_ad_dynamic_text_ad_params: OK - (api.py:3338)
2023-03-29 17:24:37,793 - logger_api - INFO - get_ad_text_ad_params: OK - (api.py:3310)
2023-03-29 17:34:28,603 - logger_api - ERROR - db error - (db_work.py:35)
2023-03-29 17:34:28,603 - logger_api - ERROR - get_ad_types: Can't reconnect until invalid transaction is rolled back. (Background on this error at: https://sqlalche.me/e/14/8s2b) - (api.py:3295)
2023-03-29 17:34:39,537 - logger_api - INFO - get_ad_text_ad_params: OK - (api.py:3310)
2023-03-29 17:34:46,149 - logger_api - INFO - get_ad_types: OK - (api.py:3282)
2023-04-04 23:31:16,813 - logger_api - INFO - market_salesboost: 403 Forbidden - (api.py:3369)
2023-04-04 23:32:45,207 - logger_api - INFO - market_salesboost: 403 Forbidden - (api.py:3369)
2023-04-04 23:33:17,025 - logger_api - INFO - market_salesboost: 403 Forbidden - (api.py:3369)
2023-04-04 23:33:33,548 - logger_api - INFO - market_salesboost: 403 Forbidden - (api.py:3369)
2023-04-04 23:35:40,949 - logger_api - INFO - market_salesboost: 403 Forbidden - (api.py:3369)
2023-04-04 23:42:42,181 - logger_api - INFO - market_salesboost: 403 Forbidden - (api.py:3369)
